#
# A fatal error has been detected by the Java Runtime Environment:
#
#  Internal Error (safepoint.cpp:712), pid=37893, tid=0x000000000000715b
#  fatal error: Illegal threadstate encountered: 4
#
# JRE version: Java(TM) SE Runtime Environment (8.0_212-b10) (build 1.8.0_212-b10)
# Java VM: Java HotSpot(TM) 64-Bit Server VM (25.212-b10 mixed mode bsd-amd64 compressed oops)
# Failed to write core dump. Core dumps have been disabled. To enable core dumping, try "ulimit -c unlimited" before starting Java again
#
# If you would like to submit a bug report, please visit:
#   http://bugreport.java.com/bugreport/crash.jsp
# The crash happened outside the Java Virtual Machine in native code.
# See problematic frame for where to report the bug.
#

---------------  T H R E A D  ---------------

Current thread (0x00007f9df68a7000):  JavaThread "Thread-1" daemon [_thread_in_native, id=29019, stack(0x000000030ad93000,0x000000030ae93000)]

Stack: [0x000000030ad93000,0x000000030ae93000],  sp=0x000000030ae91c80,  free space=1019k
Native frames: (J=compiled Java code, j=interpreted, Vv=VM code, C=native code)
V  [libjvm.dylib+0x5b6994]
V  [libjvm.dylib+0x1e9bdd]
V  [libjvm.dylib+0x4e66a8]
V  [libjvm.dylib+0x56fa72]
V  [libjvm.dylib+0x16ab3e]
V  [libjvm.dylib+0x317599]
C  [libglass.dylib+0x51e1]  -[GlassRunnable dealloc]+0x31
C  [libobjc.A.dylib+0x25fb8]  _ZN11objc_object17sidetable_releaseEbb+0xee
C  [Foundation+0x8188e]  -[_NSThreadPerformInfo dealloc]+0x2a
C  [libobjc.A.dylib+0x25fb8]  _ZN11objc_object17sidetable_releaseEbb+0xee
C  [Foundation+0x4e406]  -[NSObject(NSThreadPerformAdditions) performSelectorOnMainThread:withObject:waitUntilDone:]+0x7c
j  com.sun.glass.ui.mac.MacApplication._submitForLaterInvocation(Ljava/lang/Runnable;)V+0
j  com.sun.glass.ui.mac.MacApplication.submitForLaterInvocation(Ljava/lang/Runnable;)V+2
j  com.sun.glass.ui.InvokeLaterDispatcher.run()V+82
v  ~StubRoutines::call_stub
V  [libjvm.dylib+0x2f0d1e]
V  [libjvm.dylib+0x2f14c2]
V  [libjvm.dylib+0x2f166e]
V  [libjvm.dylib+0x34bf5d]
V  [libjvm.dylib+0x570b93]
V  [libjvm.dylib+0x57228e]
V  [libjvm.dylib+0x48f30a]
C  [libsystem_pthread.dylib+0x64e1]  _pthread_start+0x7d
C  [libsystem_pthread.dylib+0x1f6b]  thread_start+0xf
C  0x0000000000000000

Java frames: (J=compiled Java code, j=interpreted, Vv=VM code)
j  com.sun.glass.ui.mac.MacApplication._submitForLaterInvocation(Ljava/lang/Runnable;)V+0
j  com.sun.glass.ui.mac.MacApplication.submitForLaterInvocation(Ljava/lang/Runnable;)V+2
j  com.sun.glass.ui.InvokeLaterDispatcher.run()V+82
v  ~StubRoutines::call_stub

---------------  P R O C E S S  ---------------

Java Threads: ( => current thread )
  0x00007f9dc5813800 JavaThread "PulseTimer-CVDisplayLink thread" daemon [_thread_in_native, id=82575, stack(0x000000030ae96000,0x000000030af16000)]
  0x00007f9df50f2000 JavaThread "Attach Listener" daemon [_thread_blocked, id=58239, stack(0x000000030b2b0000,0x000000030b3b0000)]
  0x00007f9df68c2000 JavaThread "Prism Font Disposer" daemon [_thread_blocked, id=49247, stack(0x000000030b1ad000,0x000000030b2ad000)]
  0x00007f9df48ab800 JavaThread "JavaFX-Launcher" [_thread_blocked, id=77615, stack(0x000000030b0aa000,0x000000030b1aa000)]
  0x00007f9df40bb000 JavaThread "JavaFX Application Thread" [_thread_in_native, id=259, stack(0x0000000308d36000,0x0000000309536000)]
=>0x00007f9df68a7000 JavaThread "Thread-1" daemon [_thread_in_native, id=29019, stack(0x000000030ad93000,0x000000030ae93000)]
  0x00007f9df5089000 JavaThread "QuantumRenderer-0" daemon [_thread_blocked, id=39811, stack(0x000000030ac07000,0x000000030ad07000)]
  0x00007f9df601c800 JavaThread "Service Thread" daemon [_thread_blocked, id=23299, stack(0x000000030aa01000,0x000000030ab01000)]
  0x00007f9df405c000 JavaThread "C1 CompilerThread3" daemon [_thread_blocked, id=41739, stack(0x000000030a8fe000,0x000000030a9fe000)]
  0x00007f9df4053000 JavaThread "C2 CompilerThread2" daemon [_thread_blocked, id=42243, stack(0x000000030a7fb000,0x000000030a8fb000)]
  0x00007f9df4052800 JavaThread "C2 CompilerThread1" daemon [_thread_blocked, id=22531, stack(0x000000030a6f8000,0x000000030a7f8000)]
  0x00007f9df6857800 JavaThread "C2 CompilerThread0" daemon [_thread_blocked, id=43011, stack(0x000000030a5f5000,0x000000030a6f5000)]
  0x00007f9df6855800 JavaThread "Monitor Ctrl-Break" daemon [_thread_in_native, id=43275, stack(0x000000030a4f2000,0x000000030a5f2000)]
  0x00007f9df404d800 JavaThread "Signal Dispatcher" daemon [_thread_blocked, id=15875, stack(0x000000030a3ef000,0x000000030a4ef000)]
  0x00007f9df6829000 JavaThread "Finalizer" daemon [_thread_blocked, id=14375, stack(0x000000030a1de000,0x000000030a2de000)]
  0x00007f9df6822800 JavaThread "Reference Handler" daemon [_thread_blocked, id=13859, stack(0x000000030a0db000,0x000000030a1db000)]
  0x00007f9df400e800 JavaThread "main" [_thread_blocked, id=10243, stack(0x00000003095ba000,0x00000003096ba000)]

Other Threads:
  0x00007f9df403c000 VMThread [stack: 0x0000000309fd8000,0x000000030a0d8000] [id=18947]
  0x00007f9df5009800 WatcherThread [stack: 0x000000030ab04000,0x000000030ac04000] [id=23563]

VM state:not at safepoint (normal execution)

VM Mutex/Monitor currently owned by a thread: None

heap address: 0x00000005c0000000, size: 8192 MB, Compressed Oops mode: Zero based, Oop shift amount: 3
Narrow klass base: 0x0000000000000000, Narrow klass shift: 3
Compressed class space size: 1073741824 Address: 0x00000007c0000000

Heap:
 PSYoungGen      total 153088K, used 84220K [0x0000000715580000, 0x0000000720000000, 0x00000007c0000000)
  eden space 131584K, 64% used [0x0000000715580000,0x000000071a7bf300,0x000000071d600000)
  from space 21504K, 0% used [0x000000071eb00000,0x000000071eb00000,0x0000000720000000)
  to   space 21504K, 0% used [0x000000071d600000,0x000000071d600000,0x000000071eb00000)
 ParOldGen       total 349696K, used 0K [0x00000005c0000000, 0x00000005d5580000, 0x0000000715580000)
  object space 349696K, 0% used [0x00000005c0000000,0x00000005c0000000,0x00000005d5580000)
 Metaspace       used 12837K, capacity 13378K, committed 13696K, reserved 1060864K
  class space    used 1654K, capacity 1829K, committed 1920K, reserved 1048576K

Card table byte_map: [0x000000011ce37000,0x000000011de38000] byte_map_base: 0x000000011a037000

Marking Bits: (ParMarkBitMap*) 0x000000010c87be40
 Begin Bits: [0x000000011e8e3000, 0x00000001268e3000)
 End Bits:   [0x00000001268e3000, 0x000000012e8e3000)

Polling page: 0x000000010b007000

CodeCache: size=245760Kb used=5629Kb max_used=5629Kb free=240130Kb
 bounds [0x000000010de37000, 0x000000010e3c7000, 0x000000011ce37000]
 total_blobs=2393 nmethods=1789 adapters=517
 compilation: enabled

Compilation events (10 events):
Event: 17.116 Thread 0x00007f9df405c000 1785       3       com.sun.glass.ui.mac.MacApplication::_invokeLater (24 bytes)
Event: 17.118 Thread 0x00007f9df405c000 nmethod 1785 0x000000010e3b68d0 code [0x000000010e3b6a60, 0x000000010e3b6eb8]
Event: 17.118 Thread 0x00007f9df405c000 1786       3       com.sun.glass.ui.InvokeLaterDispatcher::invokeLater (11 bytes)
Event: 17.118 Thread 0x00007f9df405c000 nmethod 1786 0x000000010e3b7050 code [0x000000010e3b71c0, 0x000000010e3b73e8]
Event: 17.118 Thread 0x00007f9df405c000 1787       3       java.util.concurrent.locks.AbstractQueuedSynchronizer$ConditionObject::addConditionWaiter (64 bytes)
Event: 17.118 Thread 0x00007f9df405c000 nmethod 1787 0x000000010e3b74d0 code [0x000000010e3b7660, 0x000000010e3b7aa8]
Event: 17.118 Thread 0x00007f9df405c000 1788       3       java.util.concurrent.locks.AbstractQueuedSynchronizer$Node::<init> (15 bytes)
Event: 17.118 Thread 0x00007f9df405c000 nmethod 1788 0x000000010e3b35d0 code [0x000000010e3b3740, 0x000000010e3b3910]
Event: 17.154 Thread 0x00007f9df405c000 1789       3       java.util.concurrent.locks.AbstractQueuedSynchronizer$ConditionObject::checkInterruptWhileWaiting (27 bytes)
Event: 17.155 Thread 0x00007f9df405c000 nmethod 1789 0x000000010e3b7c50 code [0x000000010e3b7e20, 0x000000010e3b8478]

GC Heap History (0 events):
No events

Deoptimization events (10 events):
Event: 0.813 Thread 0x00007f9df40bb000 Uncommon trap: reason=unstable_if action=reinterpret pc=0x000000010e015bbc method=java.lang.String.indexOf([CII[CIII)I @ 134
Event: 0.931 Thread 0x00007f9df40bb000 Uncommon trap: reason=unstable_if action=reinterpret pc=0x000000010e07e160 method=java.lang.CharacterData.of(I)Ljava/lang/CharacterData; @ 4
Event: 1.117 Thread 0x00007f9df50f2000 Uncommon trap: reason=unstable_if action=reinterpret pc=0x000000010e095884 method=java.lang.String.toLowerCase(Ljava/util/Locale;)Ljava/lang/String; @ 22
Event: 1.129 Thread 0x00007f9df50f2000 Uncommon trap: reason=unstable_if action=reinterpret pc=0x000000010e0c1cec method=sun.misc.MetaIndex.mayContain(Ljava/lang/String;)Z @ 13
Event: 1.133 Thread 0x00007f9df50f2000 Uncommon trap: reason=class_check action=maybe_recompile pc=0x000000010e0cfbbc method=java.util.Collections$UnmodifiableList.get(I)Ljava/lang/Object; @ 5
Event: 1.134 Thread 0x00007f9df50f2000 Uncommon trap: reason=class_check action=maybe_recompile pc=0x000000010e0cfbbc method=java.util.Collections$UnmodifiableList.get(I)Ljava/lang/Object; @ 5
Event: 1.134 Thread 0x00007f9df40bb000 Uncommon trap: reason=class_check action=maybe_recompile pc=0x000000010e0cfbbc method=java.util.Collections$UnmodifiableList.get(I)Ljava/lang/Object; @ 5
Event: 1.135 Thread 0x00007f9df50f2000 Uncommon trap: reason=class_check action=maybe_recompile pc=0x000000010e0cfbbc method=java.util.Collections$UnmodifiableList.get(I)Ljava/lang/Object; @ 5
Event: 1.363 Thread 0x00007f9df5089000 Uncommon trap: reason=unstable_if action=reinterpret pc=0x000000010e10f578 method=sun.net.www.ParseUtil.encodePath(Ljava/lang/String;Z)Ljava/lang/String; @ 109
Event: 2.693 Thread 0x00007f9df40bb000 Uncommon trap: reason=unstable_if action=reinterpret pc=0x000000010e17d524 method=jdk.internal.org.objectweb.asm.Type.getArgumentsAndReturnSizes(Ljava/lang/String;)I @ 47

Classes redefined (0 events):
No events

Internal exceptions (10 events):
Event: 0.052 Thread 0x00007f9df400e800 Exception <a 'java/lang/NoSuchMethodError': Method sun.misc.Unsafe.prefetchRead(Ljava/lang/Object;J)V name or signature does not match> (0x0000000715587f98) thrown at [/Users/java_re/workspace/8-2-build-macosx-x86_64/jdk8u212/12974/hotspot/src/share/vm/pr
Event: 0.212 Thread 0x00007f9df400e800 Exception <a 'java/lang/NoSuchFieldError': method resolution failed> (0x00000007157fa4c8) thrown at [/Users/java_re/workspace/8-2-build-macosx-x86_64/jdk8u212/12974/hotspot/src/share/vm/prims/methodHandles.cpp, line 1167]
Event: 0.221 Thread 0x00007f9df400e800 Exception <a 'java/lang/NoSuchFieldError': method resolution failed> (0x00000007158080e8) thrown at [/Users/java_re/workspace/8-2-build-macosx-x86_64/jdk8u212/12974/hotspot/src/share/vm/prims/methodHandles.cpp, line 1167]
Event: 0.272 Thread 0x00007f9df400e800 Exception <a 'java/security/PrivilegedActionException'> (0x0000000715ddad80) thrown at [/Users/java_re/workspace/8-2-build-macosx-x86_64/jdk8u212/12974/hotspot/src/share/vm/prims/jvm.cpp, line 1502]
Event: 0.272 Thread 0x00007f9df400e800 Exception <a 'java/security/PrivilegedActionException'> (0x0000000715ddaf90) thrown at [/Users/java_re/workspace/8-2-build-macosx-x86_64/jdk8u212/12974/hotspot/src/share/vm/prims/jvm.cpp, line 1502]
Event: 0.273 Thread 0x00007f9df400e800 Exception <a 'java/security/PrivilegedActionException'> (0x0000000715dde2c0) thrown at [/Users/java_re/workspace/8-2-build-macosx-x86_64/jdk8u212/12974/hotspot/src/share/vm/prims/jvm.cpp, line 1502]
Event: 0.273 Thread 0x00007f9df400e800 Exception <a 'java/security/PrivilegedActionException'> (0x0000000715dde4d0) thrown at [/Users/java_re/workspace/8-2-build-macosx-x86_64/jdk8u212/12974/hotspot/src/share/vm/prims/jvm.cpp, line 1502]
Event: 0.273 Thread 0x00007f9df400e800 Exception <a 'java/lang/NullPointerException'> (0x0000000715ddeed8) thrown at [/Users/java_re/workspace/8-2-build-macosx-x86_64/jdk8u212/12974/hotspot/src/share/vm/interpreter/linkResolver.cpp, line 1185]
Event: 0.747 Thread 0x00007f9df40bb000 Exception <a 'java/lang/NullPointerException'> (0x0000000716fddb88) thrown at [/Users/java_re/workspace/8-2-build-macosx-x86_64/jdk8u212/12974/hotspot/src/share/vm/interpreter/linkResolver.cpp, line 1185]
Event: 0.747 Thread 0x00007f9df40bb000 Exception <a 'java/lang/NullPointerException'> (0x0000000716fddb88) thrown at [/Users/java_re/workspace/8-2-build-macosx-x86_64/jdk8u212/12974/hotspot/src/share/vm/prims/jvm.cpp, line 1506]

Events (10 events):
Event: 6.733 Thread 0x00007f9dc5008800 Thread exited: 0x00007f9dc5008800
Event: 7.275 Thread 0x00007f9dc5812800 Thread added: 0x00007f9dc5812800
Event: 7.890 Thread 0x00007f9dc5812800 Thread exited: 0x00007f9dc5812800
Event: 9.052 Thread 0x00007f9dc5816000 Thread added: 0x00007f9dc5816000
Event: 9.836 Thread 0x00007f9dc5816000 Thread exited: 0x00007f9dc5816000
Event: 9.914 Thread 0x00007f9df6a13800 Thread added: 0x00007f9df6a13800
Event: 10.681 Thread 0x00007f9df6a13800 Thread exited: 0x00007f9df6a13800
Event: 15.918 Thread 0x00007f9dc5813800 Thread added: 0x00007f9dc5813800
Event: 16.651 Thread 0x00007f9dc5813800 Thread exited: 0x00007f9dc5813800
Event: 16.848 Thread 0x00007f9dc5813800 Thread added: 0x00007f9dc5813800


Dynamic libraries:
0x00007ff82ae80000 	/System/Library/Frameworks/Cocoa.framework/Versions/A/Cocoa
0x00007ff81655b000 	/System/Library/Frameworks/AppKit.framework/Versions/C/AppKit
0x00007ff819ad0000 	/System/Library/Frameworks/CoreData.framework/Versions/A/CoreData
0x00007ff81495e000 	/System/Library/Frameworks/Foundation.framework/Versions/C/Foundation
0x00007ff81ed53000 	/usr/lib/libSystem.B.dylib
0x00007ff8173eb000 	/System/Library/PrivateFrameworks/UIFoundation.framework/Versions/A/UIFoundation
0x00007ff824d82000 	/System/Library/PrivateFrameworks/RemoteViewServices.framework/Versions/A/RemoteViewServices
0x00007ff81d01f000 	/System/Library/PrivateFrameworks/XCTTargetBootstrap.framework/Versions/A/XCTTargetBootstrap
0x00007ff820c18000 	/System/Library/PrivateFrameworks/InternationalSupport.framework/Versions/A/InternationalSupport
0x00007ff820ca2000 	/System/Library/PrivateFrameworks/UserActivity.framework/Versions/A/UserActivity
0x00007ff81fffc000 	/usr/lib/libspindump.dylib
0x00007ff81767a000 	/System/Library/Frameworks/UniformTypeIdentifiers.framework/Versions/A/UniformTypeIdentifiers
0x00007ff81b743000 	/usr/lib/libapp_launch_measurement.dylib
0x00007ff81a4b3000 	/System/Library/PrivateFrameworks/CoreAnalytics.framework/Versions/A/CoreAnalytics
0x00007ff81b746000 	/System/Library/PrivateFrameworks/CoreAutoLayout.framework/Versions/A/CoreAutoLayout
0x00007ff81c976000 	/System/Library/Frameworks/Metal.framework/Versions/A/Metal
0x00007ff81d6a5000 	/usr/lib/liblangid.dylib
0x00007ff81d024000 	/System/Library/PrivateFrameworks/CoreSVG.framework/Versions/A/CoreSVG
0x00007ff818a66000 	/System/Library/PrivateFrameworks/SkyLight.framework/Versions/A/SkyLight
0x00007ff818e05000 	/System/Library/Frameworks/CoreGraphics.framework/Versions/A/CoreGraphics
0x00007ff825442000 	/System/Library/Frameworks/Accelerate.framework/Versions/A/Accelerate
0x00007ff81fa7b000 	/System/Library/PrivateFrameworks/IconServices.framework/Versions/A/IconServices
0x00007ff81c95b000 	/System/Library/Frameworks/IOSurface.framework/Versions/A/IOSurface
0x00007ff81a4e1000 	/usr/lib/libDiagnosticMessagesClient.dylib
0x00007ff81ec6d000 	/usr/lib/libz.1.dylib
0x00007ff828b24000 	/System/Library/Frameworks/ApplicationServices.framework/Versions/A/ApplicationServices
0x00007ff81d00b000 	/System/Library/PrivateFrameworks/DFRFoundation.framework/Versions/A/DFRFoundation
0x00007ff815e43000 	/usr/lib/libicucore.A.dylib
0x00007ff821a0e000 	/System/Library/Frameworks/AudioToolbox.framework/Versions/A/AudioToolbox
0x00007ff820c24000 	/System/Library/PrivateFrameworks/DataDetectorsCore.framework/Versions/A/DataDetectorsCore
0x00007ff91ce85000 	/System/Library/PrivateFrameworks/TextInput.framework/Versions/A/TextInput
0x00007ff8189e9000 	/usr/lib/libMobileGestalt.dylib
0x00007ff81cd17000 	/System/Library/Frameworks/Carbon.framework/Versions/A/Frameworks/HIToolbox.framework/Versions/A/HIToolbox
0x00007ff81b146000 	/System/Library/Frameworks/QuartzCore.framework/Versions/A/QuartzCore
0x00007ff815ae8000 	/System/Library/Frameworks/Security.framework/Versions/A/Security
0x00007ff824dba000 	/System/Library/Frameworks/Carbon.framework/Versions/A/Frameworks/SpeechRecognition.framework/Versions/A/SpeechRecognition
0x00007ff81b4a3000 	/System/Library/PrivateFrameworks/CoreUI.framework/Versions/A/CoreUI
0x00007ff8153b2000 	/System/Library/Frameworks/CoreAudio.framework/Versions/A/CoreAudio
0x00007ff81a5d0000 	/System/Library/Frameworks/DiskArbitration.framework/Versions/A/DiskArbitration
0x00007ff8203e8000 	/System/Library/PrivateFrameworks/MultitouchSupport.framework/Versions/A/MultitouchSupport
0x00007ff8189e8000 	/usr/lib/libenergytrace.dylib
0x00007ff816447000 	/System/Library/Frameworks/IOKit.framework/Versions/A/IOKit
0x00007ff8251aa000 	/System/Library/Frameworks/CoreServices.framework/Versions/A/CoreServices
0x00007ff81b6dd000 	/System/Library/PrivateFrameworks/PerformanceAnalysis.framework/Versions/A/PerformanceAnalysis
0x00007ffa2c961000 	/System/Library/Frameworks/OpenGL.framework/Versions/A/OpenGL
0x00007ff81e289000 	/System/Library/PrivateFrameworks/MobileKeyBag.framework/Versions/A/MobileKeyBag
0x00007ff8139f2000 	/usr/lib/libobjc.A.dylib
0x00007ff81952f000 	/System/Library/Frameworks/ColorSync.framework/Versions/A/ColorSync
0x00007ff813bac000 	/System/Library/Frameworks/CoreFoundation.framework/Versions/A/CoreFoundation
0x00007ff81d29b000 	/System/Library/Frameworks/CoreImage.framework/Versions/A/CoreImage
0x00007ff8151c6000 	/System/Library/Frameworks/CoreText.framework/Versions/A/CoreText
0x00007ff81d054000 	/System/Library/Frameworks/ImageIO.framework/Versions/A/ImageIO
0x00007ff81ed59000 	/System/Library/PrivateFrameworks/SoftLinking.framework/Versions/A/SoftLinking
0x00007ff81b78e000 	/usr/lib/libxml2.2.dylib
0x00007ff813ab8000 	/usr/lib/libc++.1.dylib
0x00007ff81efda000 	/usr/lib/libcompression.dylib
0x00007ff820b4b000 	/System/Library/PrivateFrameworks/TextureIO.framework/Versions/A/TextureIO
0x00007ff81f6f4000 	/usr/lib/libate.dylib
0x00007ff81ed4e000 	/usr/lib/system/libcache.dylib
0x00007ff81ed0a000 	/usr/lib/system/libcommonCrypto.dylib
0x00007ff81ed33000 	/usr/lib/system/libcompiler_rt.dylib
0x00007ff81ed29000 	/usr/lib/system/libcopyfile.dylib
0x00007ff8138ed000 	/usr/lib/system/libcorecrypto.dylib
0x00007ff8139ab000 	/usr/lib/system/libdispatch.dylib
0x00007ff813b6b000 	/usr/lib/system/libdyld.dylib
0x00007ff81ed45000 	/usr/lib/system/libkeymgr.dylib
0x00007ff81ece8000 	/usr/lib/system/libmacho.dylib
0x00007ff81e363000 	/usr/lib/system/libquarantine.dylib
0x00007ff81ed43000 	/usr/lib/system/libremovefile.dylib
0x00007ff818a36000 	/usr/lib/system/libsystem_asl.dylib
0x00007ff813896000 	/usr/lib/system/libsystem_blocks.dylib
0x00007ff813a2f000 	/usr/lib/system/libsystem_c.dylib
0x00007ff81ed3b000 	/usr/lib/system/libsystem_collections.dylib
0x00007ff81d695000 	/usr/lib/system/libsystem_configuration.dylib
0x00007ff81c93e000 	/usr/lib/system/libsystem_containermanager.dylib
0x00007ff81ea1a000 	/usr/lib/system/libsystem_coreservices.dylib
0x00007ff8160d7000 	/usr/lib/system/libsystem_darwin.dylib
0x00007ff81ed46000 	/usr/lib/system/libsystem_dnssd.dylib
0x00007ff813a2c000 	/usr/lib/system/libsystem_featureflags.dylib
0x00007ff813b81000 	/usr/lib/system/libsystem_info.dylib
0x00007ff81ec80000 	/usr/lib/system/libsystem_m.dylib
0x00007ff81397f000 	/usr/lib/system/libsystem_malloc.dylib
0x00007ff8189d1000 	/usr/lib/system/libsystem_networkextension.dylib
0x00007ff8164fd000 	/usr/lib/system/libsystem_notify.dylib
0x00007ff82507f000 	/usr/lib/system/libsystem_product_info_filter.dylib
0x00007ff81d699000 	/usr/lib/system/libsystem_sandbox.dylib
0x00007ff81ed40000 	/usr/lib/system/libsystem_secinit.dylib
0x00007ff813b27000 	/usr/lib/system/libsystem_kernel.dylib
0x00007ff813b77000 	/usr/lib/system/libsystem_platform.dylib
0x00007ff813b5f000 	/usr/lib/system/libsystem_pthread.dylib
0x00007ff81a2f3000 	/usr/lib/system/libsystem_symptoms.dylib
0x00007ff8138d4000 	/usr/lib/system/libsystem_trace.dylib
0x00007ff81ed16000 	/usr/lib/system/libunwind.dylib
0x00007ff813898000 	/usr/lib/system/libxpc.dylib
0x00007ff813b11000 	/usr/lib/libc++abi.dylib
0x00007ff81ed21000 	/usr/lib/liboah.dylib
0x00007ff81f4b2000 	/usr/lib/liblzma.5.dylib
0x00007ff814670000 	/System/Library/Frameworks/SystemConfiguration.framework/Versions/A/SystemConfiguration
0x00007ff81ed55000 	/usr/lib/libfakelink.dylib
0x00007ff818541000 	/System/Library/Frameworks/CFNetwork.framework/Versions/A/CFNetwork
0x00007ff81ee96000 	/usr/lib/libarchive.2.dylib
0x00007ff81d6a1000 	/System/Library/PrivateFrameworks/AppleSystemInfo.framework/Versions/A/AppleSystemInfo
0x00007ff81e38a000 	/usr/lib/libbsm.0.dylib
0x00007ff817b50000 	/usr/lib/libnetwork.dylib
0x00007ff81ecee000 	/usr/lib/system/libkxld.dylib
0x00007ff81dfbd000 	/System/Library/PrivateFrameworks/IOMobileFramebuffer.framework/Versions/A/IOMobileFramebuffer
0x00007ffb2c31b000 	/usr/lib/libCoreEntitlements.dylib
0x00007ff81e9fc000 	/System/Library/PrivateFrameworks/AppleFSCompression.framework/Versions/A/AppleFSCompression
0x00007ff81e372000 	/usr/lib/libcoretls.dylib
0x00007ff81f4cc000 	/usr/lib/libcoretls_cfhelpers.dylib
0x00007ff81efd5000 	/usr/lib/libpam.2.dylib
0x00007ff819f15000 	/usr/lib/libsqlite3.dylib
0x00007ff81f53b000 	/usr/lib/libxar.1.dylib
0x00007ff81ea0c000 	/usr/lib/libbz2.1.0.dylib
0x00007ff81ed5a000 	/usr/lib/libpcap.A.dylib
0x00007ff81a2eb000 	/usr/lib/libdns_services.dylib
0x00007ff81efa8000 	/usr/lib/libapple_nghttp2.dylib
0x00007ff81ed94000 	/usr/lib/libiconv.2.dylib
0x00007ff81ece7000 	/usr/lib/libcharset.1.dylib
0x00007ff81b711000 	/System/Library/Frameworks/CoreServices.framework/Versions/A/Frameworks/FSEvents.framework/Versions/A/FSEvents
0x00007ff8160e1000 	/System/Library/Frameworks/CoreServices.framework/Versions/A/Frameworks/CarbonCore.framework/Versions/A/CarbonCore
0x00007ff81a534000 	/System/Library/Frameworks/CoreServices.framework/Versions/A/Frameworks/Metadata.framework/Versions/A/Metadata
0x00007ff81ea1f000 	/System/Library/Frameworks/CoreServices.framework/Versions/A/Frameworks/OSServices.framework/Versions/A/OSServices
0x00007ff81ef1d000 	/System/Library/Frameworks/CoreServices.framework/Versions/A/Frameworks/SearchKit.framework/Versions/A/SearchKit
0x00007ff81a27d000 	/System/Library/Frameworks/CoreServices.framework/Versions/A/Frameworks/AE.framework/Versions/A/AE
0x00007ff8140ad000 	/System/Library/Frameworks/CoreServices.framework/Versions/A/Frameworks/LaunchServices.framework/Versions/A/LaunchServices
0x00007ff81f463000 	/System/Library/Frameworks/CoreServices.framework/Versions/A/Frameworks/DictionaryServices.framework/Versions/A/DictionaryServices
0x00007ff81b71e000 	/System/Library/Frameworks/CoreServices.framework/Versions/A/Frameworks/SharedFileList.framework/Versions/A/SharedFileList
0x00007ff81e366000 	/usr/lib/libCheckFix.dylib
0x00007ff818a4d000 	/System/Library/PrivateFrameworks/TCC.framework/Versions/A/TCC
0x00007ff81d6a7000 	/System/Library/PrivateFrameworks/CoreNLP.framework/Versions/A/CoreNLP
0x00007ff81a4e4000 	/System/Library/PrivateFrameworks/MetadataUtilities.framework/Versions/A/MetadataUtilities
0x00007ff814721000 	/usr/lib/libmecabra.dylib
0x00007ff81e39a000 	/usr/lib/libmecab.dylib
0x00007ff8146ec000 	/usr/lib/libCRFSuite.dylib
0x00007ff81e3f4000 	/usr/lib/libgermantok.dylib
0x00007ff81ef83000 	/usr/lib/libThaiTokenizer.dylib
0x00007ff81a5d7000 	/System/Library/Frameworks/Accelerate.framework/Versions/A/Frameworks/vImage.framework/Versions/A/vImage
0x00007ff825181000 	/System/Library/Frameworks/Accelerate.framework/Versions/A/Frameworks/vecLib.framework/Versions/A/vecLib
0x00007ff81f57c000 	/System/Library/Frameworks/Accelerate.framework/Versions/A/Frameworks/vecLib.framework/Versions/A/libvMisc.dylib
0x00007ff81ddbc000 	/System/Library/Frameworks/Accelerate.framework/Versions/A/Frameworks/vecLib.framework/Versions/A/libvDSP.dylib
0x00007ff814428000 	/System/Library/Frameworks/Accelerate.framework/Versions/A/Frameworks/vecLib.framework/Versions/A/libBLAS.dylib
0x00007ff81f0b8000 	/System/Library/Frameworks/Accelerate.framework/Versions/A/Frameworks/vecLib.framework/Versions/A/libLAPACK.dylib
0x00007ff81e3f7000 	/System/Library/Frameworks/Accelerate.framework/Versions/A/Frameworks/vecLib.framework/Versions/A/libLinearAlgebra.dylib
0x00007ff81efc0000 	/System/Library/Frameworks/Accelerate.framework/Versions/A/Frameworks/vecLib.framework/Versions/A/libSparseBLAS.dylib
0x00007ff81f0b2000 	/System/Library/Frameworks/Accelerate.framework/Versions/A/Frameworks/vecLib.framework/Versions/A/libQuadrature.dylib
0x00007ff81d792000 	/System/Library/Frameworks/Accelerate.framework/Versions/A/Frameworks/vecLib.framework/Versions/A/libBNNS.dylib
0x00007ff8145fa000 	/System/Library/Frameworks/Accelerate.framework/Versions/A/Frameworks/vecLib.framework/Versions/A/libSparse.dylib
0x00007ff81d78b000 	/System/Library/PrivateFrameworks/LinguisticData.framework/Versions/A/LinguisticData
0x00007ff8145b0000 	/System/Library/PrivateFrameworks/Lexicon.framework/Versions/A/Lexicon
0x00007ff81f575000 	/usr/lib/libChineseTokenizer.dylib
0x00007ff814d1b000 	/System/Library/PrivateFrameworks/LanguageModeling.framework/Versions/A/LanguageModeling
0x00007ff81ef85000 	/System/Library/PrivateFrameworks/AppleSauce.framework/Versions/A/AppleSauce
0x00007ff81dfab000 	/System/Library/PrivateFrameworks/CoreEmoji.framework/Versions/A/CoreEmoji
0x00007ff81ee85000 	/usr/lib/libcmph.dylib
0x00007ff81b6f5000 	/System/Library/Frameworks/OpenDirectory.framework/Versions/A/Frameworks/CFOpenDirectory.framework/Versions/A/CFOpenDirectory
0x00007ff81b6e9000 	/System/Library/Frameworks/OpenDirectory.framework/Versions/A/OpenDirectory
0x00007ff81f4ce000 	/System/Library/PrivateFrameworks/APFS.framework/Versions/A/APFS
0x00007ff81e2c1000 	/System/Library/Frameworks/SecurityFoundation.framework/Versions/A/SecurityFoundation
0x00007ff81f549000 	/usr/lib/libutil.dylib
0x00007ff81640b000 	/System/Library/PrivateFrameworks/CoreServicesStore.framework/Versions/A/CoreServicesStore
0x00007ff81f54d000 	/usr/lib/libxslt.1.dylib
0x00007ff81e34e000 	/System/Library/PrivateFrameworks/BackgroundTaskManagement.framework/Versions/A/BackgroundTaskManagement
0x00007ff820a6c000 	/System/Library/Frameworks/ImageIO.framework/Versions/A/Resources/libRadiance.dylib
0x00007ff820a75000 	/System/Library/Frameworks/ImageIO.framework/Versions/A/Resources/libJPEG.dylib
0x00007ff8209c7000 	/System/Library/Frameworks/ImageIO.framework/Versions/A/Resources/libPng.dylib
0x00007ff8209e8000 	/System/Library/Frameworks/ImageIO.framework/Versions/A/Resources/libTIFF.dylib
0x00007ff820ad4000 	/System/Library/Frameworks/ImageIO.framework/Versions/A/Resources/libGIF.dylib
0x00007ff820304000 	/System/Library/Frameworks/ImageIO.framework/Versions/A/Resources/libJP2.dylib
0x00007ff81fa42000 	/usr/lib/libexpat.1.dylib
0x00007ff8202b9000 	/System/Library/PrivateFrameworks/AppleJPEG.framework/Versions/A/AppleJPEG
0x00007ff81cbdb000 	/System/Library/PrivateFrameworks/FontServices.framework/libFontParser.dylib
0x00007ff81a227000 	/System/Library/PrivateFrameworks/RunningBoardServices.framework/Versions/A/RunningBoardServices
0x00007ff82b43b000 	/System/Library/PrivateFrameworks/IOSurfaceAccelerator.framework/Versions/A/IOSurfaceAccelerator
0x00007ff8203e4000 	/System/Library/PrivateFrameworks/WatchdogClient.framework/Versions/A/WatchdogClient
0x00007ff814e09000 	/System/Library/Frameworks/CoreDisplay.framework/Versions/A/CoreDisplay
0x00007ff81cad9000 	/System/Library/Frameworks/CoreMedia.framework/Versions/A/CoreMedia
0x00007ff81c96d000 	/System/Library/PrivateFrameworks/IOAccelerator.framework/Versions/A/IOAccelerator
0x00007ff81b872000 	/System/Library/Frameworks/CoreVideo.framework/Versions/A/CoreVideo
0x00007ff81efd3000 	/System/Library/Frameworks/MetalPerformanceShaders.framework/Versions/A/MetalPerformanceShaders
0x00007ff820421000 	/System/Library/Frameworks/VideoToolbox.framework/Versions/A/VideoToolbox
0x00007ff81a171000 	/System/Library/PrivateFrameworks/BaseBoard.framework/Versions/A/BaseBoard
0x00007ff819efb000 	/System/Library/PrivateFrameworks/ProtocolBuffer.framework/Versions/A/ProtocolBuffer
0x00007ff820a65000 	/System/Library/PrivateFrameworks/GPUWrangler.framework/Versions/A/GPUWrangler
0x00007ff820a49000 	/System/Library/PrivateFrameworks/IOPresentment.framework/Versions/A/IOPresentment
0x00007ff820a6f000 	/System/Library/PrivateFrameworks/DSExternalDisplay.framework/Versions/A/DSExternalDisplay
0x00007ffa2c955000 	/System/Library/Frameworks/OpenGL.framework/Versions/A/Libraries/libCoreFSCache.dylib
0x00007ffb19a1c000 	/System/Library/PrivateFrameworks/GPUCompiler.framework/Versions/31001/Libraries/libGPUCompilerUtils.dylib
0x00007ff820ad9000 	/System/Library/PrivateFrameworks/CMCaptureCore.framework/Versions/A/CMCaptureCore
0x00007ff81ffea000 	/System/Library/PrivateFrameworks/AppServerSupport.framework/Versions/A/AppServerSupport
0x00007ff8222a7000 	/System/Library/PrivateFrameworks/perfdata.framework/Versions/A/perfdata
0x00007ff814f35000 	/System/Library/PrivateFrameworks/AudioToolboxCore.framework/Versions/A/AudioToolboxCore
0x00007ff81cab7000 	/System/Library/PrivateFrameworks/caulk.framework/Versions/A/caulk
0x00007ff821bb9000 	/usr/lib/libAudioStatistics.dylib
0x00007ff919613000 	/System/Library/PrivateFrameworks/SystemPolicy.framework/Versions/A/SystemPolicy
0x00007ff821e14000 	/usr/lib/libSMC.dylib
0x00007ff82ad33000 	/System/Library/Frameworks/CoreMIDI.framework/Versions/A/CoreMIDI
0x00007ff820996000 	/usr/lib/libAudioToolboxUtility.dylib
0x00007ff91583f000 	/System/Library/PrivateFrameworks/OSAServicesClient.framework/Versions/A/OSAServicesClient
0x00007ff8222b4000 	/usr/lib/libperfcheck.dylib
0x00007ff91a0c0000 	/usr/lib/libmis.dylib
0x00007ffa2c9b0000 	/System/Library/Frameworks/OpenGL.framework/Versions/A/Libraries/libGLU.dylib
0x00007ffa2c974000 	/System/Library/Frameworks/OpenGL.framework/Versions/A/Libraries/libGFXShared.dylib
0x00007ffa2cb7d000 	/System/Library/Frameworks/OpenGL.framework/Versions/A/Libraries/libGL.dylib
0x00007ffa2c97d000 	/System/Library/Frameworks/OpenGL.framework/Versions/A/Libraries/libGLImage.dylib
0x00007ffa2c971000 	/System/Library/Frameworks/OpenGL.framework/Versions/A/Libraries/libCVMSPluginSupport.dylib
0x00007ffa2c95c000 	/System/Library/Frameworks/OpenGL.framework/Versions/A/Libraries/libCoreVMClient.dylib
0x00007ff81d623000 	/System/Library/Frameworks/MetalPerformanceShaders.framework/Versions/A/Frameworks/MPSCore.framework/Versions/A/MPSCore
0x00007ff81e967000 	/System/Library/Frameworks/MetalPerformanceShaders.framework/Versions/A/Frameworks/MPSImage.framework/Versions/A/MPSImage
0x00007ff81e40d000 	/System/Library/Frameworks/MetalPerformanceShaders.framework/Versions/A/Frameworks/MPSNeuralNetwork.framework/Versions/A/MPSNeuralNetwork
0x00007ff81e881000 	/System/Library/Frameworks/MetalPerformanceShaders.framework/Versions/A/Frameworks/MPSMatrix.framework/Versions/A/MPSMatrix
0x00007ff81e63c000 	/System/Library/Frameworks/MetalPerformanceShaders.framework/Versions/A/Frameworks/MPSRayIntersector.framework/Versions/A/MPSRayIntersector
0x00007ff81e8b9000 	/System/Library/Frameworks/MetalPerformanceShaders.framework/Versions/A/Frameworks/MPSNDArray.framework/Versions/A/MPSNDArray
0x00007ffa32435000 	/System/Library/Frameworks/MetalPerformanceShaders.framework/Versions/A/Frameworks/MPSFunctions.framework/Versions/A/MPSFunctions
0x00007ff814304000 	/System/Library/PrivateFrameworks/MetalTools.framework/Versions/A/MetalTools
0x00007ff81d69f000 	/System/Library/PrivateFrameworks/AggregateDictionary.framework/Versions/A/AggregateDictionary
0x00007ff81f824000 	/usr/lib/libIOReport.dylib
0x00007ffa2df8c000 	/System/Library/Frameworks/OpenCL.framework/Versions/A/OpenCL
0x00007ff81fb88000 	/System/Library/PrivateFrameworks/FaceCore.framework/Versions/A/FaceCore
0x00007ff81fb79000 	/System/Library/PrivateFrameworks/GraphVisualizer.framework/Versions/A/GraphVisualizer
0x00007ffb19927000 	/System/Library/PrivateFrameworks/FontServices.framework/Versions/A/FontServices
0x00007ff81ffa2000 	/System/Library/PrivateFrameworks/OTSVG.framework/Versions/A/OTSVG
0x00007ff81b459000 	/System/Library/Frameworks/ApplicationServices.framework/Versions/A/Frameworks/ATS.framework/Versions/A/Resources/libFontRegistry.dylib
0x00007ff81fff2000 	/System/Library/PrivateFrameworks/FontServices.framework/libhvf.dylib
0x00007ffb19928000 	/System/Library/PrivateFrameworks/FontServices.framework/libXTFontStaticRegistryData.dylib
0x00007ff81f9f2000 	/System/Library/PrivateFrameworks/AppleVA.framework/Versions/A/AppleVA
0x00007ff821bd9000 	/System/Library/Frameworks/ApplicationServices.framework/Versions/A/Frameworks/ATS.framework/Versions/A/ATS
0x00007ff81962d000 	/System/Library/Frameworks/ApplicationServices.framework/Versions/A/Frameworks/HIServices.framework/Versions/A/HIServices
0x00007ff820ae3000 	/System/Library/Frameworks/ApplicationServices.framework/Versions/A/Frameworks/PrintCore.framework/Versions/A/PrintCore
0x00007ff821f67000 	/System/Library/Frameworks/ApplicationServices.framework/Versions/A/Frameworks/QD.framework/Versions/A/QD
0x00007ff821f5f000 	/System/Library/Frameworks/ApplicationServices.framework/Versions/A/Frameworks/ColorSyncLegacy.framework/Versions/A/ColorSyncLegacy
0x00007ff821bc9000 	/System/Library/Frameworks/ApplicationServices.framework/Versions/A/Frameworks/SpeechSynthesis.framework/Versions/A/SpeechSynthesis
0x00007ff820aa4000 	/System/Library/Frameworks/ApplicationServices.framework/Versions/A/Frameworks/ATSUI.framework/Versions/A/ATSUI
0x00007ff821ef4000 	/usr/lib/libcups.2.dylib
0x00007ff8222c3000 	/System/Library/Frameworks/Kerberos.framework/Versions/A/Kerberos
0x00007ff8222d2000 	/System/Library/Frameworks/GSS.framework/Versions/A/GSS
0x00007ff821c45000 	/usr/lib/libresolv.9.dylib
0x00007ff820001000 	/System/Library/PrivateFrameworks/Heimdal.framework/Versions/A/Heimdal
0x00007ff828eb6000 	/System/Library/Frameworks/Kerberos.framework/Versions/A/Libraries/libHeimdalProxy.dylib
0x00007ff81a2fb000 	/System/Library/Frameworks/Network.framework/Versions/A/Network
0x00007ff81fa5c000 	/usr/lib/libheimdal-asn1.dylib
0x00007ff82231d000 	/System/Library/PrivateFrameworks/CommonAuth.framework/Versions/A/CommonAuth
0x00007ff821b4b000 	/System/Library/PrivateFrameworks/AudioSession.framework/Versions/A/AudioSession
0x00007ff81faec000 	/System/Library/PrivateFrameworks/MediaExperience.framework/Versions/A/MediaExperience
0x00007ff8219dd000 	/System/Library/PrivateFrameworks/AudioSession.framework/libSessionUtility.dylib
0x00007ff821f73000 	/System/Library/PrivateFrameworks/AudioResourceArbitration.framework/Versions/A/AudioResourceArbitration
0x00007ff825ff4000 	/System/Library/PrivateFrameworks/PowerLog.framework/Versions/A/PowerLog
0x00007ff81fa65000 	/System/Library/PrivateFrameworks/IconFoundation.framework/Versions/A/IconFoundation
0x00007ff824daa000 	/System/Library/PrivateFrameworks/SpeechRecognitionCore.framework/Versions/A/SpeechRecognitionCore
0x000000010bf80000 	/Library/Java/JavaVirtualMachines/jdk1.8.0_212.jdk/Contents/Home/jre/lib/server/libjvm.dylib
0x00007ffb2cda7000 	/usr/lib/libstdc++.6.dylib
0x000000010b014000 	/Library/Java/JavaVirtualMachines/jdk1.8.0_212.jdk/Contents/Home/jre/lib/libverify.dylib
0x000000010b069000 	/Library/Java/JavaVirtualMachines/jdk1.8.0_212.jdk/Contents/Home/jre/lib/libjava.dylib
0x000000010b0de000 	/Library/Java/JavaVirtualMachines/jdk1.8.0_212.jdk/Contents/Home/jre/lib/libinstrument.dylib
0x000000010b044000 	/Library/Java/JavaVirtualMachines/jdk1.8.0_212.jdk/Contents/Home/jre/lib/libzip.dylib
0x00000001317e0000 	/Library/Java/JavaVirtualMachines/jdk1.8.0_212.jdk/Contents/Home/jre/lib/libnet.dylib
0x0000000131849000 	/Library/Java/JavaVirtualMachines/jdk1.8.0_212.jdk/Contents/Home/jre/lib/libprism_es2.dylib
0x00007ff8163cd000 	/System/Library/PrivateFrameworks/CoreServicesInternal.framework/Versions/A/CoreServicesInternal
0x00007ffa2cb88000 	/System/Library/Frameworks/OpenGL.framework/Versions/A/Resources/GLEngine.bundle/GLEngine
0x00007ffa2c9ee000 	/System/Library/Frameworks/OpenGL.framework/Versions/A/Libraries/libGLProgrammability.dylib
0x0000000132285000 	/System/Library/Extensions/AppleMetalOpenGLRenderer.bundle/Contents/MacOS/AppleMetalOpenGLRenderer
0x00007ffa2cd12000 	/System/Library/Frameworks/OpenGL.framework/Versions/A/Resources/GLRendererFloat.bundle/GLRendererFloat
0x00007ffa23558000 	/System/Library/Extensions/AGXMetalG13X.bundle/Contents/MacOS/AGXMetalG13X
0x00007ff91a0db000 	/System/Library/PrivateFrameworks/GPURawCounter.framework/Versions/A/GPURawCounter
0x00007ff9149e7000 	/System/Library/PrivateFrameworks/IOGPU.framework/Versions/A/IOGPU
0x0000000132580000 	/Library/Java/JavaVirtualMachines/jdk1.8.0_212.jdk/Contents/Home/jre/lib/libglass.dylib
0x00007ff8265e5000 	/System/Library/Frameworks/FileProvider.framework/Versions/A/FileProvider
0x00007ff81a0de000 	/System/Library/Frameworks/Accounts.framework/Versions/A/Accounts
0x00007ff82675e000 	/System/Library/PrivateFrameworks/GenerationalStorage.framework/Versions/A/GenerationalStorage
0x00007ff82726e000 	/System/Library/PrivateFrameworks/CoreSymbolication.framework/Versions/A/CoreSymbolication
0x00007ff825fe9000 	/System/Library/PrivateFrameworks/SymptomDiagnosticReporter.framework/Versions/A/SymptomDiagnosticReporter
0x00007ff81768e000 	/System/Library/PrivateFrameworks/DesktopServicesPriv.framework/Versions/A/DesktopServicesPriv
0x00007ff81650c000 	/usr/lib/libsandbox.1.dylib
0x00007ff81b8f1000 	/System/Library/PrivateFrameworks/UserManagement.framework/Versions/A/UserManagement
0x00007ff827233000 	/System/Library/PrivateFrameworks/DebugSymbols.framework/Versions/A/DebugSymbols
0x00007ff821f54000 	/System/Library/PrivateFrameworks/NetAuth.framework/Versions/A/NetAuth
0x00007ff822e63000 	/System/Library/PrivateFrameworks/Sharing.framework/Versions/A/Sharing
0x00007ff81b8c4000 	/System/Library/PrivateFrameworks/login.framework/Versions/A/Frameworks/loginsupport.framework/Versions/A/loginsupport
0x00007ff8283d1000 	/System/Library/PrivateFrameworks/Apple80211.framework/Versions/A/Apple80211
0x00007ff81ea4c000 	/System/Library/PrivateFrameworks/AuthKit.framework/Versions/A/AuthKit
0x00007ff81e0a1000 	/System/Library/PrivateFrameworks/CoreUtils.framework/Versions/A/CoreUtils
0x00007ff81dfc8000 	/System/Library/Frameworks/CoreWLAN.framework/Versions/A/CoreWLAN
0x00007ff822fc2000 	/System/Library/Frameworks/IOBluetooth.framework/Versions/A/IOBluetooth
0x00007ff828439000 	/System/Library/PrivateFrameworks/CoreWiFi.framework/Versions/A/CoreWiFi
0x00007ff826e08000 	/System/Library/PrivateFrameworks/FrontBoardServices.framework/Versions/A/FrontBoardServices
0x00007ff826e99000 	/System/Library/PrivateFrameworks/BoardServices.framework/Versions/A/BoardServices
0x00007ff81e2b0000 	/System/Library/PrivateFrameworks/AssertionServices.framework/Versions/A/AssertionServices
0x00007ff8285bc000 	/System/Library/PrivateFrameworks/BackBoardServices.framework/Versions/A/BackBoardServices
0x00007ff8223ae000 	/System/Library/PrivateFrameworks/CorePhoneNumbers.framework/Versions/A/CorePhoneNumbers
0x00007ff821c72000 	/System/Library/PrivateFrameworks/MultiverseSupport.framework/Versions/A/MultiverseSupport
0x00007ff82882f000 	/System/Library/PrivateFrameworks/RemoteServiceDiscovery.framework/Versions/A/RemoteServiceDiscovery
0x00007ff826106000 	/System/Library/PrivateFrameworks/DiskManagement.framework/Versions/A/DiskManagement
0x00007ff82601a000 	/System/Library/PrivateFrameworks/AppleIDAuthSupport.framework/Versions/A/AppleIDAuthSupport
0x00007ffb142a2000 	/System/Library/PrivateFrameworks/AAAFoundation.framework/Versions/A/AAAFoundation
0x00007ff82238f000 	/System/Library/PrivateFrameworks/KeychainCircle.framework/Versions/A/KeychainCircle
0x00007ff82883f000 	/System/Library/PrivateFrameworks/RemoteXPC.framework/Versions/A/RemoteXPC
0x00007ff8260d2000 	/System/Library/PrivateFrameworks/MediaKit.framework/Versions/A/MediaKit
0x00007ff826026000 	/System/Library/Frameworks/DiscRecording.framework/Versions/A/DiscRecording
0x00007ff81f96a000 	/usr/lib/libCoreStorage.dylib
0x00007ff8288aa000 	/usr/lib/libcsfde.dylib
0x00007ff82308f000 	/System/Library/PrivateFrameworks/ProtectedCloudStorage.framework/Versions/A/ProtectedCloudStorage
0x00007ff8288a6000 	/System/Library/PrivateFrameworks/EFILogin.framework/Versions/A/EFILogin
0x00007ff826784000 	/System/Library/PrivateFrameworks/OctagonTrust.framework/Versions/A/OctagonTrust
0x00007ffb18b8a000 	/System/Library/PrivateFrameworks/CoreUtilsExtras.framework/Versions/A/CoreUtilsExtras
0x00007ff825f4d000 	/System/Library/Frameworks/CoreBluetooth.framework/Versions/A/CoreBluetooth
0x00007ff828f3b000 	/System/Library/Frameworks/AudioUnit.framework/Versions/A/AudioUnit
0x00007ff81f962000 	/usr/lib/libMatch.1.dylib
0x00007ff91e6e4000 	/System/Library/Frameworks/Accelerate.framework/Versions/A/Frameworks/vImage.framework/Versions/A/Libraries/libCGInterfaces.dylib
0x0000000133f60000 	/usr/lib/libobjc-trampolines.dylib
0x00007ff82b443000 	/System/Library/PrivateFrameworks/FamilyControls.framework/Versions/A/FamilyControls
0x00007ff82b467000 	/System/Library/PrivateFrameworks/CommerceKit.framework/Versions/A/Frameworks/CommerceCore.framework/Versions/A/CommerceCore
0x00007ff8254c6000 	/System/Library/PrivateFrameworks/SystemAdministration.framework/Versions/A/SystemAdministration
0x00007ff823076000 	/System/Library/PrivateFrameworks/AppContainer.framework/Versions/A/AppContainer
0x00007ff82308b000 	/System/Library/PrivateFrameworks/SecCodeWrapper.framework/Versions/A/SecCodeWrapper
0x00007ff81f82d000 	/System/Library/PrivateFrameworks/CrashReporterSupport.framework/Versions/A/CrashReporterSupport
0x00007ff9260fb000 	/System/Library/PrivateFrameworks/OSAnalytics.framework/Versions/A/OSAnalytics
0x00007ff9312ad000 	/System/Library/PrivateFrameworks/Symbolication.framework/Versions/A/Symbolication
0x00007ff91a09d000 	/System/Library/PrivateFrameworks/MallocStackLogging.framework/Versions/A/MallocStackLogging
0x00007ff8200b8000 	/System/Library/PrivateFrameworks/login.framework/Versions/A/login
0x00007ff820d0d000 	/System/Library/Frameworks/MediaToolbox.framework/Versions/A/MediaToolbox
0x00007ff824d76000 	/System/Library/Frameworks/DirectoryService.framework/Versions/A/DirectoryService
0x00007ff828748000 	/System/Library/PrivateFrameworks/DiskImages.framework/Versions/A/DiskImages
0x00007ff81e358000 	/System/Library/Frameworks/ServiceManagement.framework/Versions/A/ServiceManagement
0x00007ff828924000 	/System/Library/PrivateFrameworks/LoginUIKit.framework/Versions/A/Frameworks/LoginUICore.framework/Versions/A/LoginUICore
0x00007ff820261000 	/usr/lib/libodfde.dylib
0x00007ff8265b5000 	/System/Library/PrivateFrameworks/CoreAVCHD.framework/Versions/A/CoreAVCHD
0x00007ff82548a000 	/System/Library/Frameworks/MediaAccessibility.framework/Versions/A/MediaAccessibility
0x00007ff8265b1000 	/System/Library/PrivateFrameworks/Mangrove.framework/Versions/A/Mangrove
0x00007ff825495000 	/System/Library/PrivateFrameworks/AlgosScoreFramework.framework/Versions/A/AlgosScoreFramework
0x00007ffb15e7e000 	/System/Library/PrivateFrameworks/CMPhoto.framework/Versions/A/CMPhoto
0x00007ff827109000 	/System/Library/PrivateFrameworks/AppleVPA.framework/Versions/A/AppleVPA
0x00007ff8261f6000 	/System/Library/PrivateFrameworks/CoreAUC.framework/Versions/A/CoreAUC
0x00007ff8288b6000 	/usr/lib/libcurl.4.dylib
0x00007ffb2c876000 	/usr/lib/libcrypto.46.dylib
0x00007ffb2cd6b000 	/usr/lib/libssl.48.dylib
0x00007ff8285da000 	/System/Library/Frameworks/LDAP.framework/Versions/A/LDAP
0x00007ff828612000 	/System/Library/PrivateFrameworks/TrustEvaluationAgent.framework/Versions/A/TrustEvaluationAgent
0x00007ff821c5e000 	/usr/lib/libsasl2.2.dylib
0x00007ff8254ba000 	/System/Library/PrivateFrameworks/CoreDaemon.framework/Versions/B/CoreDaemon
0x00007ff8254b5000 	/System/Library/PrivateFrameworks/AppleSRP.framework/Versions/A/AppleSRP
0x00007ff81b5e9000 	/System/Library/PrivateFrameworks/ViewBridge.framework/Versions/A/ViewBridge
0x0000000131a51000 	/Library/Java/JavaVirtualMachines/jdk1.8.0_212.jdk/Contents/Home/jre/lib/libjavafx_font.dylib
0x00007ffb2c40a000 	/usr/lib/libRosetta.dylib

VM Arguments:
jvm_args: -javaagent:/Applications/IntelliJ IDEA.app/Contents/lib/idea_rt.jar=54122:/Applications/IntelliJ IDEA.app/Contents/bin -Dfile.encoding=UTF-8 
java_command: training.chessington.Main
java_class_path (initial): /Library/Java/JavaVirtualMachines/jdk1.8.0_212.jdk/Contents/Home/jre/lib/charsets.jar:/Library/Java/JavaVirtualMachines/jdk1.8.0_212.jdk/Contents/Home/jre/lib/deploy.jar:/Library/Java/JavaVirtualMachines/jdk1.8.0_212.jdk/Contents/Home/jre/lib/ext/cldrdata.jar:/Library/Java/JavaVirtualMachines/jdk1.8.0_212.jdk/Contents/Home/jre/lib/ext/dnsns.jar:/Library/Java/JavaVirtualMachines/jdk1.8.0_212.jdk/Contents/Home/jre/lib/ext/jaccess.jar:/Library/Java/JavaVirtualMachines/jdk1.8.0_212.jdk/Contents/Home/jre/lib/ext/jfxrt.jar:/Library/Java/JavaVirtualMachines/jdk1.8.0_212.jdk/Contents/Home/jre/lib/ext/localedata.jar:/Library/Java/JavaVirtualMachines/jdk1.8.0_212.jdk/Contents/Home/jre/lib/ext/nashorn.jar:/Library/Java/JavaVirtualMachines/jdk1.8.0_212.jdk/Contents/Home/jre/lib/ext/sunec.jar:/Library/Java/JavaVirtualMachines/jdk1.8.0_212.jdk/Contents/Home/jre/lib/ext/sunjce_provider.jar:/Library/Java/JavaVirtualMachines/jdk1.8.0_212.jdk/Contents/Home/jre/lib/ext/sunpkcs11.jar:/Library/Java/JavaVirtualMachines/jdk1.8.0_212.jdk/Contents/Home/jre/lib/ext/zipfs.jar:/Library/Java/JavaVirtualMachines/jdk1.8.0_212.jdk/Contents/Home/jre/lib/javaws.jar:/Library/Java/JavaVirtualMachines/jdk1.8.0_212.jdk/Contents/Home/jre/lib/jce.jar:/Library/Java/JavaVirtualMachines/jdk1.8.0_212.jdk/Contents/Home/jre/lib/jfr.jar:/Library/Java/JavaVirtualMachines/jdk1.8.0_212.jdk/Contents/Home/jre/lib/jfxswt.jar:/Library/Java/JavaVirtualMachines/jdk1.8.0_212.jdk/Contents/Home/jre/lib/jsse.jar:/Library/Java/JavaVirtualMachines/jdk1.8.0_212.jdk/Contents/Home/jre/lib/management-agent.jar:/Library/Java/JavaVirtualMachines/jdk1.8.0_212.jdk/Contents/Home/jre/lib/plugin.jar:/Library/Java/JavaVirtualMachines/jdk1.8.0_212.jdk/Contents/Home/jre/lib/resources.jar:/Library/Java/JavaVirtualMachines/jdk1.8.0_212.jdk/Contents/Home/jre/lib/rt.jar:/Users/tbart/Training/Chessington-Java/target/classes:/Applications/IntelliJ IDEA.app/Contents/lib/idea_rt.jar
Launcher Type: SUN_STANDARD

Environment Variables:
PATH=/opt/homebrew/bin:/opt/homebrew/sbin:/usr/local/bin:/usr/bin:/bin:/usr/sbin:/sbin
SHELL=/bin/zsh

Signal Handlers:
SIGSEGV: [libjvm.dylib+0x5b71a7], sa_mask[0]=11111111111111111111111111111111, sa_flags=SA_ONSTACK|SA_RESTART|SA_SIGINFO
SIGBUS: [libjvm.dylib+0x5b71a7], sa_mask[0]=11111111111111111111111111111111, sa_flags=SA_RESTART|SA_SIGINFO
SIGFPE: [libjvm.dylib+0x48c8fc], sa_mask[0]=11111111111111111111111111111111, sa_flags=SA_RESTART|SA_SIGINFO
SIGPIPE: [libjvm.dylib+0x48c8fc], sa_mask[0]=11111111111111111111111111111111, sa_flags=SA_RESTART|SA_SIGINFO
SIGXFSZ: [libjvm.dylib+0x48c8fc], sa_mask[0]=11111111111111111111111111111111, sa_flags=SA_RESTART|SA_SIGINFO
SIGILL: [libjvm.dylib+0x48c8fc], sa_mask[0]=11111111111111111111111111111111, sa_flags=SA_RESTART|SA_SIGINFO
SIGUSR1: SIG_DFL, sa_mask[0]=00000000000000000000000000000000, sa_flags=none
SIGUSR2: [libjvm.dylib+0x48c41a], sa_mask[0]=00100000000000000000000000000000, sa_flags=SA_RESTART|SA_SIGINFO
SIGHUP: [libjvm.dylib+0x48a9a5], sa_mask[0]=11111111111111111111111111111111, sa_flags=SA_RESTART|SA_SIGINFO
SIGINT: [libjvm.dylib+0x48a9a5], sa_mask[0]=11111111111111111111111111111111, sa_flags=SA_RESTART|SA_SIGINFO
SIGTERM: [libjvm.dylib+0x48a9a5], sa_mask[0]=11111111111111111111111111111111, sa_flags=SA_RESTART|SA_SIGINFO
SIGQUIT: [libjvm.dylib+0x48a9a5], sa_mask[0]=11111111111111111111111111111111, sa_flags=SA_RESTART|SA_SIGINFO


---------------  S Y S T E M  ---------------

OS:Bsduname:Darwin 21.6.0 Darwin Kernel Version 21.6.0: Wed Aug 10 14:28:23 PDT 2022; root:xnu-8020.141.5~2/RELEASE_ARM64_T6000 x86_64
rlimit: STACK 8176k, CORE 0k, NPROC 5333, NOFILE 10240, AS infinity
load average:5.36 4.31 4.31

CPU:total 10 (initial active 10) (1 cores per cpu, 1 threads per core) family 6 model 44 stepping 0, cmov, cx8, fxsr, mmx, sse, sse2, sse3, ssse3, sse4.1, sse4.2, popcnt, aes, clmul, tsc, tscinvbit, tscinv

Memory: 4k page, physical 33554432k(2033380k free)

/proc/meminfo:


vm_info: Java HotSpot(TM) 64-Bit Server VM (25.212-b10) for bsd-amd64 JRE (1.8.0_212-b10), built on Apr  1 2019 23:10:56 by "java_re" with gcc 4.2.1 (Based on Apple Inc. build 5658) (LLVM build 2336.11.00)

time: Mon Sep 26 14:00:27 2022
timezone: BST
elapsed time: 17 seconds (0d 0h 0m 17s)

